\BOOKMARK [0][-]{chapter*.2}{\376\377\000A\000B\000S\000T\000R\000A\000K}{}% 1
\BOOKMARK [0][-]{chapter*.3}{\376\377\000A\000B\000S\000T\000R\000A\000C\000T}{}% 2
\BOOKMARK [0][-]{chapter*.4}{\376\377\000H\000A\000L\000A\000M\000A\000N\000\040\000P\000E\000N\000G\000E\000S\000A\000H\000A\000N}{}% 3
\BOOKMARK [0][-]{chapter*.5}{\376\377\000K\000A\000T\000A\000\040\000P\000E\000N\000G\000A\000N\000T\000A\000R}{}% 4
\BOOKMARK [0][-]{chapter*.6}{\376\377\000D\000A\000F\000T\000A\000R\000\040\000I\000S\000I}{}% 5
\BOOKMARK [0][-]{chapter*.7}{\376\377\000D\000A\000F\000T\000A\000R\000\040\000G\000A\000M\000B\000A\000R}{}% 6
\BOOKMARK [0][-]{chapter*.8}{\376\377\000D\000A\000F\000T\000A\000R\000\040\000T\000A\000B\000E\000L}{}% 7
\BOOKMARK [0][-]{chapter*.9}{\376\377\000D\000A\000F\000T\000A\000R\000\040\000S\000I\000N\000G\000K\000A\000T\000A\000N\000\040\000D\000A\000N\000\040\000L\000A\000M\000B\000A\000N\000G}{}% 8
\BOOKMARK [0][-]{chapter.1}{\376\377\000P\000e\000n\000d\000a\000h\000u\000l\000u\000a\000n}{}% 9
\BOOKMARK [1][-]{section.1.1}{\376\377\000L\000a\000t\000a\000r\000\040\000B\000e\000l\000a\000k\000a\000n\000g}{chapter.1}% 10
\BOOKMARK [1][-]{section.1.2}{\376\377\000R\000u\000m\000u\000s\000a\000n\000\040\000M\000a\000s\000a\000l\000a\000h}{chapter.1}% 11
\BOOKMARK [1][-]{section.1.3}{\376\377\000T\000u\000j\000u\000a\000n\000\040\000P\000e\000n\000e\000l\000i\000t\000i\000a\000n}{chapter.1}% 12
\BOOKMARK [1][-]{section.1.4}{\376\377\000B\000a\000t\000a\000s\000a\000n\000\040\000M\000a\000s\000a\000l\000a\000h\000\040\000d\000a\000n\000\040\000A\000s\000u\000m\000s\000i}{chapter.1}% 13
\BOOKMARK [1][-]{section.1.5}{\376\377\000S\000i\000s\000t\000e\000m\000a\000t\000i\000k\000a\000\040\000P\000e\000n\000u\000l\000i\000s\000a\000n}{chapter.1}% 14
\BOOKMARK [0][-]{chapter.2}{\376\377\000S\000t\000u\000d\000i\000\040\000L\000i\000t\000e\000r\000a\000t\000u\000r}{}% 15
\BOOKMARK [1][-]{section.2.1}{\376\377\000A\000c\000r\000o\000n\000y\000m\0001\000\040\000d\000a\000n\000\040\000A\000c\000r\000o\000n\000y\000m\0003}{chapter.2}% 16
\BOOKMARK [2][-]{subsection.2.1.1}{\376\377\000A\000c\000r\000o\000n\000y\000m\0001}{section.2.1}% 17
\BOOKMARK [2][-]{subsection.2.1.2}{\376\377\000A\000c\000r\000o\000n\000y\000m\0003}{section.2.1}% 18
\BOOKMARK [0][-]{chapter.3}{\376\377\000M\000e\000t\000o\000d\000o\000l\000o\000g\000i\000\040\000d\000a\000n\000\040\000R\000e\000n\000c\000a\000n\000a\000\040\000P\000e\000l\000a\000k\000s\000a\000n\000a\000a\000n}{}% 19
\BOOKMARK [0][-]{chapter.4}{\376\377\000H\000a\000s\000i\000l\000\040\000d\000a\000n\000\040\000A\000n\000a\000l\000i\000s\000i\000s}{}% 20
\BOOKMARK [0][-]{chapter.5}{\376\377\000K\000e\000s\000i\000m\000p\000u\000l\000a\000n}{}% 21
\BOOKMARK [1][-]{section.5.1}{\376\377\000K\000e\000s\000i\000m\000p\000u\000l\000a\000n}{chapter.5}% 22
\BOOKMARK [1][-]{section.5.2}{\376\377\000S\000a\000r\000a\000n}{chapter.5}% 23
\BOOKMARK [0][-]{chapter*.18}{\376\377\000D\000A\000F\000T\000A\000R\000\040\000P\000U\000S\000T\000A\000K\000A}{}% 24
\BOOKMARK [0][-]{appendix.A}{\376\377\000I\000l\000u\000s\000t\000r\000a\000s\000i\000\040\000L\000a\000m\000p\000i\000r\000a\000n\000\040\0001}{}% 25
